2025-01-24 14:21:37,528 DEBUG    root            Loaded Command Group: ['gcloud', 'components']
2025-01-24 14:21:37,532 DEBUG    root            Loaded Command Group: ['gcloud', 'components', 'update']
2025-01-24 14:21:37,534 DEBUG    root            Running [gcloud.components.update] with arguments: [--compile-python: "True", --quiet: "True", COMPONENT-IDS:6: "['core', 'gcloud-deps', 'bq', 'gcloud', 'gcloud-crc32c', 'gsutil']"]
2025-01-24 14:21:37,535 INFO     ___FILE_ONLY___ Beginning update. This process may take several minutes.

2025-01-24 14:21:37,564 DEBUG    urllib3.connectionpool Starting new HTTPS connection (1): dl.google.com:443
2025-01-24 14:21:38,558 DEBUG    urllib3.connectionpool https://dl.google.com:443 "GET /dl/cloudsdk/channels/rapid/components-2.json HTTP/1.1" 200 227832
2025-01-24 14:21:38,570 INFO     ___FILE_ONLY___ 

2025-01-24 14:21:38,570 INFO     ___FILE_ONLY___ 
Your current Google Cloud CLI version is: 507.0.0

2025-01-24 14:21:38,570 INFO     ___FILE_ONLY___ Installing components from version: 507.0.0

2025-01-24 14:21:38,570 INFO     ___FILE_ONLY___ 

2025-01-24 14:21:38,571 DEBUG    root            Chosen display Format:table[box,title="These components will be removed."](details.display_name:label=Name:align=left,version.version_string:label=Version:align=right,data.size.size(zero="",min=1048576):label=Size:align=right)
2025-01-24 14:21:38,571 DEBUG    root            Chosen display Format:table[box,title="These components will be updated."](details.display_name:label=Name:align=left,version.version_string:label=Version:align=right,data.size.size(zero="",min=1048576):label=Size:align=right)
2025-01-24 14:21:38,572 DEBUG    root            Chosen display Format:table[box,title="These components will be installed."](details.display_name:label=Name:align=left,version.version_string:label=Version:align=right,data.size.size(zero="",min=1048576):label=Size:align=right)
2025-01-24 14:21:38,607 INFO     ___FILE_ONLY___ ┌─────────────────────────────────────────────────────────────────────────────┐
2025-01-24 14:21:38,607 INFO     ___FILE_ONLY___ 

2025-01-24 14:21:38,607 INFO     ___FILE_ONLY___ │                     These components will be installed.                     │
2025-01-24 14:21:38,607 INFO     ___FILE_ONLY___ 

2025-01-24 14:21:38,607 INFO     ___FILE_ONLY___ ├─────────────────────────────────────────────────────┬────────────┬──────────┤
2025-01-24 14:21:38,607 INFO     ___FILE_ONLY___ 

2025-01-24 14:21:38,607 INFO     ___FILE_ONLY___ │                         Name                        │  Version   │   Size   │
2025-01-24 14:21:38,608 INFO     ___FILE_ONLY___ 

2025-01-24 14:21:38,608 INFO     ___FILE_ONLY___ ├─────────────────────────────────────────────────────┼────────────┼──────────┤
2025-01-24 14:21:38,608 INFO     ___FILE_ONLY___ 

2025-01-24 14:21:38,608 INFO     ___FILE_ONLY___ │ 
2025-01-24 14:21:38,608 INFO     ___FILE_ONLY___ BigQuery Command Line Tool                         
2025-01-24 14:21:38,608 INFO     ___FILE_ONLY___  
2025-01-24 14:21:38,608 INFO     ___FILE_ONLY___ │ 
2025-01-24 14:21:38,608 INFO     ___FILE_ONLY___     2.1.12
2025-01-24 14:21:38,608 INFO     ___FILE_ONLY___  
2025-01-24 14:21:38,608 INFO     ___FILE_ONLY___ │ 
2025-01-24 14:21:38,608 INFO     ___FILE_ONLY___  1.8 MiB
2025-01-24 14:21:38,608 INFO     ___FILE_ONLY___  
2025-01-24 14:21:38,608 INFO     ___FILE_ONLY___ │
2025-01-24 14:21:38,608 INFO     ___FILE_ONLY___ 

2025-01-24 14:21:38,608 INFO     ___FILE_ONLY___ │ 
2025-01-24 14:21:38,608 INFO     ___FILE_ONLY___ BigQuery Command Line Tool (Platform Specific)     
2025-01-24 14:21:38,608 INFO     ___FILE_ONLY___  
2025-01-24 14:21:38,608 INFO     ___FILE_ONLY___ │ 
2025-01-24 14:21:38,608 INFO     ___FILE_ONLY___      2.1.8
2025-01-24 14:21:38,608 INFO     ___FILE_ONLY___  
2025-01-24 14:21:38,608 INFO     ___FILE_ONLY___ │ 
2025-01-24 14:21:38,608 INFO     ___FILE_ONLY___  < 1 MiB
2025-01-24 14:21:38,609 INFO     ___FILE_ONLY___  
2025-01-24 14:21:38,609 INFO     ___FILE_ONLY___ │
2025-01-24 14:21:38,609 INFO     ___FILE_ONLY___ 

2025-01-24 14:21:38,609 INFO     ___FILE_ONLY___ │ 
2025-01-24 14:21:38,609 INFO     ___FILE_ONLY___ Bundled Python 3.11 (Platform Specific)            
2025-01-24 14:21:38,609 INFO     ___FILE_ONLY___  
2025-01-24 14:21:38,609 INFO     ___FILE_ONLY___ │ 
2025-01-24 14:21:38,609 INFO     ___FILE_ONLY___     3.11.9
2025-01-24 14:21:38,609 INFO     ___FILE_ONLY___  
2025-01-24 14:21:38,609 INFO     ___FILE_ONLY___ │ 
2025-01-24 14:21:38,609 INFO     ___FILE_ONLY___ 74.4 MiB
2025-01-24 14:21:38,609 INFO     ___FILE_ONLY___  
2025-01-24 14:21:38,609 INFO     ___FILE_ONLY___ │
2025-01-24 14:21:38,609 INFO     ___FILE_ONLY___ 

2025-01-24 14:21:38,609 INFO     ___FILE_ONLY___ │ 
2025-01-24 14:21:38,609 INFO     ___FILE_ONLY___ Cloud Storage Command Line Tool                    
2025-01-24 14:21:38,609 INFO     ___FILE_ONLY___  
2025-01-24 14:21:38,609 INFO     ___FILE_ONLY___ │ 
2025-01-24 14:21:38,609 INFO     ___FILE_ONLY___       5.33
2025-01-24 14:21:38,609 INFO     ___FILE_ONLY___  
2025-01-24 14:21:38,609 INFO     ___FILE_ONLY___ │ 
2025-01-24 14:21:38,609 INFO     ___FILE_ONLY___ 11.8 MiB
2025-01-24 14:21:38,610 INFO     ___FILE_ONLY___  
2025-01-24 14:21:38,610 INFO     ___FILE_ONLY___ │
2025-01-24 14:21:38,610 INFO     ___FILE_ONLY___ 

2025-01-24 14:21:38,610 INFO     ___FILE_ONLY___ │ 
2025-01-24 14:21:38,610 INFO     ___FILE_ONLY___ Cloud Storage Command Line Tool (Platform Specific)
2025-01-24 14:21:38,610 INFO     ___FILE_ONLY___  
2025-01-24 14:21:38,610 INFO     ___FILE_ONLY___ │ 
2025-01-24 14:21:38,610 INFO     ___FILE_ONLY___       5.30
2025-01-24 14:21:38,610 INFO     ___FILE_ONLY___  
2025-01-24 14:21:38,610 INFO     ___FILE_ONLY___ │ 
2025-01-24 14:21:38,610 INFO     ___FILE_ONLY___  < 1 MiB
2025-01-24 14:21:38,610 INFO     ___FILE_ONLY___  
2025-01-24 14:21:38,610 INFO     ___FILE_ONLY___ │
2025-01-24 14:21:38,610 INFO     ___FILE_ONLY___ 

2025-01-24 14:21:38,610 INFO     ___FILE_ONLY___ │ 
2025-01-24 14:21:38,610 INFO     ___FILE_ONLY___ Google Cloud CLI Core Libraries (Platform Specific)
2025-01-24 14:21:38,610 INFO     ___FILE_ONLY___  
2025-01-24 14:21:38,610 INFO     ___FILE_ONLY___ │ 
2025-01-24 14:21:38,610 INFO     ___FILE_ONLY___ 2024.08.30
2025-01-24 14:21:38,610 INFO     ___FILE_ONLY___  
2025-01-24 14:21:38,610 INFO     ___FILE_ONLY___ │ 
2025-01-24 14:21:38,611 INFO     ___FILE_ONLY___  < 1 MiB
2025-01-24 14:21:38,611 INFO     ___FILE_ONLY___  
2025-01-24 14:21:38,611 INFO     ___FILE_ONLY___ │
2025-01-24 14:21:38,611 INFO     ___FILE_ONLY___ 

2025-01-24 14:21:38,611 INFO     ___FILE_ONLY___ │ 
2025-01-24 14:21:38,611 INFO     ___FILE_ONLY___ Google Cloud CRC32C Hash Tool (Platform Specific)  
2025-01-24 14:21:38,611 INFO     ___FILE_ONLY___  
2025-01-24 14:21:38,611 INFO     ___FILE_ONLY___ │ 
2025-01-24 14:21:38,611 INFO     ___FILE_ONLY___      1.0.0
2025-01-24 14:21:38,611 INFO     ___FILE_ONLY___  
2025-01-24 14:21:38,611 INFO     ___FILE_ONLY___ │ 
2025-01-24 14:21:38,611 INFO     ___FILE_ONLY___  1.4 MiB
2025-01-24 14:21:38,611 INFO     ___FILE_ONLY___  
2025-01-24 14:21:38,611 INFO     ___FILE_ONLY___ │
2025-01-24 14:21:38,611 INFO     ___FILE_ONLY___ 

2025-01-24 14:21:38,611 INFO     ___FILE_ONLY___ │ 
2025-01-24 14:21:38,611 INFO     ___FILE_ONLY___ gcloud cli dependencies (Platform Specific)        
2025-01-24 14:21:38,611 INFO     ___FILE_ONLY___  
2025-01-24 14:21:38,611 INFO     ___FILE_ONLY___ │ 
2025-01-24 14:21:38,611 INFO     ___FILE_ONLY___ 2021.04.16
2025-01-24 14:21:38,611 INFO     ___FILE_ONLY___  
2025-01-24 14:21:38,611 INFO     ___FILE_ONLY___ │ 
2025-01-24 14:21:38,611 INFO     ___FILE_ONLY___  < 1 MiB
2025-01-24 14:21:38,612 INFO     ___FILE_ONLY___  
2025-01-24 14:21:38,612 INFO     ___FILE_ONLY___ │
2025-01-24 14:21:38,612 INFO     ___FILE_ONLY___ 

2025-01-24 14:21:38,612 INFO     ___FILE_ONLY___ └─────────────────────────────────────────────────────┴────────────┴──────────┘
2025-01-24 14:21:38,612 INFO     ___FILE_ONLY___ 

2025-01-24 14:21:38,612 INFO     ___FILE_ONLY___ 

2025-01-24 14:21:38,615 DEBUG    urllib3.connectionpool Starting new HTTPS connection (1): dl.google.com:443
2025-01-24 14:21:40,227 DEBUG    urllib3.connectionpool https://dl.google.com:443 "GET /dl/cloudsdk/channels/rapid/RELEASE_NOTES HTTP/1.1" 200 1343836
2025-01-24 14:21:40,269 INFO     ___FILE_ONLY___ For the latest full release notes, please visit:
  https://cloud.google.com/sdk/release_notes


2025-01-24 14:21:40,269 INFO     ___FILE_ONLY___ Performing in place update...


2025-01-24 14:21:40,271 INFO     ___FILE_ONLY___ ╔════════════════════════════════════════════════════════════╗

2025-01-24 14:21:40,271 INFO     ___FILE_ONLY___ ╠═ Downloading: BigQuery Command Line Tool                  ═╣

2025-01-24 14:21:40,271 INFO     ___FILE_ONLY___ ╚
2025-01-24 14:21:40,274 DEBUG    urllib3.connectionpool Starting new HTTPS connection (1): dl.google.com:443
2025-01-24 14:21:40,513 DEBUG    urllib3.connectionpool https://dl.google.com:443 "GET /dl/cloudsdk/channels/rapid/components/google-cloud-sdk-bq-20250117151628.tar.gz HTTP/1.1" 200 1853621
2025-01-24 14:21:40,524 INFO     ___FILE_ONLY___ ═
2025-01-24 14:21:40,525 INFO     ___FILE_ONLY___ ═
2025-01-24 14:21:40,525 INFO     ___FILE_ONLY___ ═
2025-01-24 14:21:40,525 INFO     ___FILE_ONLY___ ═
2025-01-24 14:21:40,525 INFO     ___FILE_ONLY___ ═
2025-01-24 14:21:40,525 INFO     ___FILE_ONLY___ ═
2025-01-24 14:21:40,525 INFO     ___FILE_ONLY___ ═
2025-01-24 14:21:40,525 INFO     ___FILE_ONLY___ ═
2025-01-24 14:21:40,525 INFO     ___FILE_ONLY___ ═
2025-01-24 14:21:40,525 INFO     ___FILE_ONLY___ ═
2025-01-24 14:21:40,525 INFO     ___FILE_ONLY___ ═
2025-01-24 14:21:40,526 INFO     ___FILE_ONLY___ ═
2025-01-24 14:21:40,526 INFO     ___FILE_ONLY___ ═
2025-01-24 14:21:40,526 INFO     ___FILE_ONLY___ ═
2025-01-24 14:21:40,526 INFO     ___FILE_ONLY___ ═
2025-01-24 14:21:40,526 INFO     ___FILE_ONLY___ ═
2025-01-24 14:21:40,526 INFO     ___FILE_ONLY___ ═
2025-01-24 14:21:40,526 INFO     ___FILE_ONLY___ ═
2025-01-24 14:21:40,526 INFO     ___FILE_ONLY___ ═
2025-01-24 14:21:40,526 INFO     ___FILE_ONLY___ ═
2025-01-24 14:21:40,526 INFO     ___FILE_ONLY___ ═
2025-01-24 14:21:40,526 INFO     ___FILE_ONLY___ ═
2025-01-24 14:21:40,526 INFO     ___FILE_ONLY___ ═
2025-01-24 14:21:40,527 INFO     ___FILE_ONLY___ ═
2025-01-24 14:21:40,527 INFO     ___FILE_ONLY___ ═
2025-01-24 14:21:40,527 INFO     ___FILE_ONLY___ ═
2025-01-24 14:21:40,527 INFO     ___FILE_ONLY___ ═
2025-01-24 14:21:40,527 INFO     ___FILE_ONLY___ ═
2025-01-24 14:21:40,527 INFO     ___FILE_ONLY___ ═
2025-01-24 14:21:40,527 INFO     ___FILE_ONLY___ ═
2025-01-24 14:21:40,527 INFO     ___FILE_ONLY___ ═
2025-01-24 14:21:40,527 INFO     ___FILE_ONLY___ ═
2025-01-24 14:21:40,527 INFO     ___FILE_ONLY___ ═
2025-01-24 14:21:40,527 INFO     ___FILE_ONLY___ ═
2025-01-24 14:21:40,527 INFO     ___FILE_ONLY___ ═
2025-01-24 14:21:40,527 INFO     ___FILE_ONLY___ ═
2025-01-24 14:21:40,528 INFO     ___FILE_ONLY___ ═
2025-01-24 14:21:40,528 INFO     ___FILE_ONLY___ ═
2025-01-24 14:21:40,528 INFO     ___FILE_ONLY___ ═
2025-01-24 14:21:40,528 INFO     ___FILE_ONLY___ ═
2025-01-24 14:21:40,528 INFO     ___FILE_ONLY___ ═
2025-01-24 14:21:40,528 INFO     ___FILE_ONLY___ ═
2025-01-24 14:21:40,528 INFO     ___FILE_ONLY___ ═
2025-01-24 14:21:40,528 INFO     ___FILE_ONLY___ ═
2025-01-24 14:21:40,528 INFO     ___FILE_ONLY___ ═
2025-01-24 14:21:40,528 INFO     ___FILE_ONLY___ ═
2025-01-24 14:21:40,528 INFO     ___FILE_ONLY___ ═
2025-01-24 14:21:40,528 INFO     ___FILE_ONLY___ ═
2025-01-24 14:21:40,529 INFO     ___FILE_ONLY___ ═
2025-01-24 14:21:40,529 INFO     ___FILE_ONLY___ ═
2025-01-24 14:21:40,529 INFO     ___FILE_ONLY___ ═
2025-01-24 14:21:40,529 INFO     ___FILE_ONLY___ ═
2025-01-24 14:21:40,529 INFO     ___FILE_ONLY___ ═
2025-01-24 14:21:40,529 INFO     ___FILE_ONLY___ ═
2025-01-24 14:21:40,529 INFO     ___FILE_ONLY___ ═
2025-01-24 14:21:40,529 INFO     ___FILE_ONLY___ ═
2025-01-24 14:21:40,529 INFO     ___FILE_ONLY___ ═
2025-01-24 14:21:40,529 INFO     ___FILE_ONLY___ ═
2025-01-24 14:21:40,529 INFO     ___FILE_ONLY___ ═
2025-01-24 14:21:40,529 INFO     ___FILE_ONLY___ ═
2025-01-24 14:21:40,529 INFO     ___FILE_ONLY___ ╝

2025-01-24 14:21:40,531 INFO     ___FILE_ONLY___ ╔════════════════════════════════════════════════════════════╗

2025-01-24 14:21:40,532 INFO     ___FILE_ONLY___ ╠═ Downloading: BigQuery Command Line Tool (Platform Spe... ═╣

2025-01-24 14:21:40,532 INFO     ___FILE_ONLY___ ╚
2025-01-24 14:21:40,538 DEBUG    urllib3.connectionpool Starting new HTTPS connection (1): dl.google.com:443
2025-01-24 14:21:41,580 DEBUG    urllib3.connectionpool https://dl.google.com:443 "GET /dl/cloudsdk/channels/rapid/components/google-cloud-sdk-bq-nix-20240830134514.tar.gz HTTP/1.1" 200 1914
2025-01-24 14:21:41,581 INFO     ___FILE_ONLY___ ════════════════════════════════════════════════════════════
2025-01-24 14:21:41,581 INFO     ___FILE_ONLY___ ╝

2025-01-24 14:21:41,583 INFO     ___FILE_ONLY___ ╔════════════════════════════════════════════════════════════╗

2025-01-24 14:21:41,584 INFO     ___FILE_ONLY___ ╠═ Downloading: Bundled Python 3.11                         ═╣

2025-01-24 14:21:41,584 INFO     ___FILE_ONLY___ ╚
2025-01-24 14:21:41,585 INFO     ___FILE_ONLY___ ════════════════════════════════════════════════════════════
2025-01-24 14:21:41,585 INFO     ___FILE_ONLY___ ╝

2025-01-24 14:21:41,586 INFO     ___FILE_ONLY___ ╔════════════════════════════════════════════════════════════╗

2025-01-24 14:21:41,586 INFO     ___FILE_ONLY___ ╠═ Downloading: Bundled Python 3.11 (Platform Specific)     ═╣

2025-01-24 14:21:41,586 INFO     ___FILE_ONLY___ ╚
2025-01-24 14:21:41,590 DEBUG    urllib3.connectionpool Starting new HTTPS connection (1): dl.google.com:443
2025-01-24 14:21:42,587 DEBUG    urllib3.connectionpool https://dl.google.com:443 "GET /dl/cloudsdk/channels/rapid/components/google-cloud-sdk-bundled-python3-unix-linux-x86_64-20240920144119.tar.gz HTTP/1.1" 200 78001783
2025-01-24 14:21:42,871 INFO     ___FILE_ONLY___ ═
2025-01-24 14:21:42,872 INFO     ___FILE_ONLY___ ═
2025-01-24 14:21:42,874 INFO     ___FILE_ONLY___ ═
2025-01-24 14:21:42,875 INFO     ___FILE_ONLY___ ═
2025-01-24 14:21:42,876 INFO     ___FILE_ONLY___ ═
2025-01-24 14:21:42,878 INFO     ___FILE_ONLY___ ═
2025-01-24 14:21:42,879 INFO     ___FILE_ONLY___ ═
2025-01-24 14:21:42,880 INFO     ___FILE_ONLY___ ═
2025-01-24 14:21:42,881 INFO     ___FILE_ONLY___ ═
2025-01-24 14:21:42,883 INFO     ___FILE_ONLY___ ═
2025-01-24 14:21:42,884 INFO     ___FILE_ONLY___ ═
2025-01-24 14:21:42,885 INFO     ___FILE_ONLY___ ═
2025-01-24 14:21:42,887 INFO     ___FILE_ONLY___ ═
2025-01-24 14:21:42,888 INFO     ___FILE_ONLY___ ═
2025-01-24 14:21:42,889 INFO     ___FILE_ONLY___ ═
2025-01-24 14:21:42,891 INFO     ___FILE_ONLY___ ═
2025-01-24 14:21:42,892 INFO     ___FILE_ONLY___ ═
2025-01-24 14:21:42,893 INFO     ___FILE_ONLY___ ═
2025-01-24 14:21:42,895 INFO     ___FILE_ONLY___ ═
2025-01-24 14:21:42,896 INFO     ___FILE_ONLY___ ═
2025-01-24 14:21:42,897 INFO     ___FILE_ONLY___ ═
2025-01-24 14:21:42,899 INFO     ___FILE_ONLY___ ═
2025-01-24 14:21:42,900 INFO     ___FILE_ONLY___ ═
2025-01-24 14:21:42,901 INFO     ___FILE_ONLY___ ═
2025-01-24 14:21:42,902 INFO     ___FILE_ONLY___ ═
2025-01-24 14:21:42,904 INFO     ___FILE_ONLY___ ═
2025-01-24 14:21:42,905 INFO     ___FILE_ONLY___ ═
2025-01-24 14:21:42,906 INFO     ___FILE_ONLY___ ═
2025-01-24 14:21:42,908 INFO     ___FILE_ONLY___ ═
2025-01-24 14:21:42,909 INFO     ___FILE_ONLY___ ═
2025-01-24 14:21:42,910 INFO     ___FILE_ONLY___ ═
2025-01-24 14:21:42,912 INFO     ___FILE_ONLY___ ═
2025-01-24 14:21:42,913 INFO     ___FILE_ONLY___ ═
2025-01-24 14:21:42,914 INFO     ___FILE_ONLY___ ═
2025-01-24 14:21:42,916 INFO     ___FILE_ONLY___ ═
2025-01-24 14:21:42,917 INFO     ___FILE_ONLY___ ═
2025-01-24 14:21:42,918 INFO     ___FILE_ONLY___ ═
2025-01-24 14:21:42,920 INFO     ___FILE_ONLY___ ═
2025-01-24 14:21:42,921 INFO     ___FILE_ONLY___ ═
2025-01-24 14:21:42,922 INFO     ___FILE_ONLY___ ═
2025-01-24 14:21:42,924 INFO     ___FILE_ONLY___ ═
2025-01-24 14:21:42,925 INFO     ___FILE_ONLY___ ═
2025-01-24 14:21:42,926 INFO     ___FILE_ONLY___ ═
2025-01-24 14:21:42,927 INFO     ___FILE_ONLY___ ═
2025-01-24 14:21:42,929 INFO     ___FILE_ONLY___ ═
2025-01-24 14:21:42,930 INFO     ___FILE_ONLY___ ═
2025-01-24 14:21:42,931 INFO     ___FILE_ONLY___ ═
2025-01-24 14:21:42,933 INFO     ___FILE_ONLY___ ═
2025-01-24 14:21:42,934 INFO     ___FILE_ONLY___ ═
2025-01-24 14:21:42,935 INFO     ___FILE_ONLY___ ═
2025-01-24 14:21:42,937 INFO     ___FILE_ONLY___ ═
2025-01-24 14:21:42,938 INFO     ___FILE_ONLY___ ═
2025-01-24 14:21:42,939 INFO     ___FILE_ONLY___ ═
2025-01-24 14:21:42,941 INFO     ___FILE_ONLY___ ═
2025-01-24 14:21:42,942 INFO     ___FILE_ONLY___ ═
2025-01-24 14:21:42,943 INFO     ___FILE_ONLY___ ═
2025-01-24 14:21:42,945 INFO     ___FILE_ONLY___ ═
2025-01-24 14:21:42,946 INFO     ___FILE_ONLY___ ═
2025-01-24 14:21:42,947 INFO     ___FILE_ONLY___ ═
2025-01-24 14:21:42,949 INFO     ___FILE_ONLY___ ═
2025-01-24 14:21:42,949 INFO     ___FILE_ONLY___ ╝

2025-01-24 14:21:42,951 INFO     ___FILE_ONLY___ ╔════════════════════════════════════════════════════════════╗

2025-01-24 14:21:42,951 INFO     ___FILE_ONLY___ ╠═ Downloading: Cloud Storage Command Line Tool             ═╣

2025-01-24 14:21:42,951 INFO     ___FILE_ONLY___ ╚
2025-01-24 14:21:42,954 DEBUG    urllib3.connectionpool Starting new HTTPS connection (1): dl.google.com:443
2025-01-24 14:21:44,020 DEBUG    urllib3.connectionpool https://dl.google.com:443 "GET /dl/cloudsdk/channels/rapid/components/google-cloud-sdk-gsutil-20241213184646.tar.gz HTTP/1.1" 200 12368759
2025-01-24 14:21:44,055 INFO     ___FILE_ONLY___ ═
2025-01-24 14:21:44,055 INFO     ___FILE_ONLY___ ═
2025-01-24 14:21:44,056 INFO     ___FILE_ONLY___ ═
2025-01-24 14:21:44,056 INFO     ___FILE_ONLY___ ═
2025-01-24 14:21:44,056 INFO     ___FILE_ONLY___ ═
2025-01-24 14:21:44,056 INFO     ___FILE_ONLY___ ═
2025-01-24 14:21:44,057 INFO     ___FILE_ONLY___ ═
2025-01-24 14:21:44,057 INFO     ___FILE_ONLY___ ═
2025-01-24 14:21:44,057 INFO     ___FILE_ONLY___ ═
2025-01-24 14:21:44,057 INFO     ___FILE_ONLY___ ═
2025-01-24 14:21:44,058 INFO     ___FILE_ONLY___ ═
2025-01-24 14:21:44,058 INFO     ___FILE_ONLY___ ═
2025-01-24 14:21:44,058 INFO     ___FILE_ONLY___ ═
2025-01-24 14:21:44,059 INFO     ___FILE_ONLY___ ═
2025-01-24 14:21:44,059 INFO     ___FILE_ONLY___ ═
2025-01-24 14:21:44,059 INFO     ___FILE_ONLY___ ═
2025-01-24 14:21:44,059 INFO     ___FILE_ONLY___ ═
2025-01-24 14:21:44,060 INFO     ___FILE_ONLY___ ═
2025-01-24 14:21:44,060 INFO     ___FILE_ONLY___ ═
2025-01-24 14:21:44,060 INFO     ___FILE_ONLY___ ═
2025-01-24 14:21:44,060 INFO     ___FILE_ONLY___ ═
2025-01-24 14:21:44,061 INFO     ___FILE_ONLY___ ═
2025-01-24 14:21:44,061 INFO     ___FILE_ONLY___ ═
2025-01-24 14:21:44,061 INFO     ___FILE_ONLY___ ═
2025-01-24 14:21:44,061 INFO     ___FILE_ONLY___ ═
2025-01-24 14:21:44,062 INFO     ___FILE_ONLY___ ═
2025-01-24 14:21:44,062 INFO     ___FILE_ONLY___ ═
2025-01-24 14:21:44,062 INFO     ___FILE_ONLY___ ═
2025-01-24 14:21:44,062 INFO     ___FILE_ONLY___ ═
2025-01-24 14:21:44,063 INFO     ___FILE_ONLY___ ═
2025-01-24 14:21:44,063 INFO     ___FILE_ONLY___ ═
2025-01-24 14:21:44,063 INFO     ___FILE_ONLY___ ═
2025-01-24 14:21:44,064 INFO     ___FILE_ONLY___ ═
2025-01-24 14:21:44,064 INFO     ___FILE_ONLY___ ═
2025-01-24 14:21:44,064 INFO     ___FILE_ONLY___ ═
2025-01-24 14:21:44,064 INFO     ___FILE_ONLY___ ═
2025-01-24 14:21:44,065 INFO     ___FILE_ONLY___ ═
2025-01-24 14:21:44,065 INFO     ___FILE_ONLY___ ═
2025-01-24 14:21:44,065 INFO     ___FILE_ONLY___ ═
2025-01-24 14:21:44,065 INFO     ___FILE_ONLY___ ═
2025-01-24 14:21:44,066 INFO     ___FILE_ONLY___ ═
2025-01-24 14:21:44,066 INFO     ___FILE_ONLY___ ═
2025-01-24 14:21:44,066 INFO     ___FILE_ONLY___ ═
2025-01-24 14:21:44,066 INFO     ___FILE_ONLY___ ═
2025-01-24 14:21:44,067 INFO     ___FILE_ONLY___ ═
2025-01-24 14:21:44,067 INFO     ___FILE_ONLY___ ═
2025-01-24 14:21:44,067 INFO     ___FILE_ONLY___ ═
2025-01-24 14:21:44,067 INFO     ___FILE_ONLY___ ═
2025-01-24 14:21:44,068 INFO     ___FILE_ONLY___ ═
2025-01-24 14:21:44,068 INFO     ___FILE_ONLY___ ═
2025-01-24 14:21:44,068 INFO     ___FILE_ONLY___ ═
2025-01-24 14:21:44,068 INFO     ___FILE_ONLY___ ═
2025-01-24 14:21:44,069 INFO     ___FILE_ONLY___ ═
2025-01-24 14:21:44,069 INFO     ___FILE_ONLY___ ═
2025-01-24 14:21:44,069 INFO     ___FILE_ONLY___ ═
2025-01-24 14:21:44,069 INFO     ___FILE_ONLY___ ═
2025-01-24 14:21:44,070 INFO     ___FILE_ONLY___ ═
2025-01-24 14:21:44,070 INFO     ___FILE_ONLY___ ═
2025-01-24 14:21:44,070 INFO     ___FILE_ONLY___ ═
2025-01-24 14:21:44,071 INFO     ___FILE_ONLY___ ═
2025-01-24 14:21:44,071 INFO     ___FILE_ONLY___ ╝

2025-01-24 14:21:44,073 INFO     ___FILE_ONLY___ ╔════════════════════════════════════════════════════════════╗

2025-01-24 14:21:44,073 INFO     ___FILE_ONLY___ ╠═ Downloading: Cloud Storage Command Line Tool (Platfor... ═╣

2025-01-24 14:21:44,073 INFO     ___FILE_ONLY___ ╚
2025-01-24 14:21:44,076 DEBUG    urllib3.connectionpool Starting new HTTPS connection (1): dl.google.com:443
2025-01-24 14:21:44,308 DEBUG    urllib3.connectionpool https://dl.google.com:443 "GET /dl/cloudsdk/channels/rapid/components/google-cloud-sdk-gsutil-nix-20240830134514.tar.gz HTTP/1.1" 200 1928
2025-01-24 14:21:44,309 INFO     ___FILE_ONLY___ ════════════════════════════════════════════════════════════
2025-01-24 14:21:44,309 INFO     ___FILE_ONLY___ ╝

2025-01-24 14:21:44,311 INFO     ___FILE_ONLY___ ╔════════════════════════════════════════════════════════════╗

2025-01-24 14:21:44,311 INFO     ___FILE_ONLY___ ╠═ Downloading: Default set of gcloud commands              ═╣

2025-01-24 14:21:44,311 INFO     ___FILE_ONLY___ ╚
2025-01-24 14:21:44,311 INFO     ___FILE_ONLY___ ════════════════════════════════════════════════════════════
2025-01-24 14:21:44,311 INFO     ___FILE_ONLY___ ╝

2025-01-24 14:21:44,313 INFO     ___FILE_ONLY___ ╔════════════════════════════════════════════════════════════╗

2025-01-24 14:21:44,313 INFO     ___FILE_ONLY___ ╠═ Downloading: Google Cloud CLI Core Libraries (Platfor... ═╣

2025-01-24 14:21:44,313 INFO     ___FILE_ONLY___ ╚
2025-01-24 14:21:44,316 DEBUG    urllib3.connectionpool Starting new HTTPS connection (1): dl.google.com:443
2025-01-24 14:21:45,366 DEBUG    urllib3.connectionpool https://dl.google.com:443 "GET /dl/cloudsdk/channels/rapid/components/google-cloud-sdk-core-nix-20240830134514.tar.gz HTTP/1.1" 200 2306
2025-01-24 14:21:45,367 INFO     ___FILE_ONLY___ ════════════════════════════════════════════════════════════
2025-01-24 14:21:45,367 INFO     ___FILE_ONLY___ ╝

2025-01-24 14:21:45,369 INFO     ___FILE_ONLY___ ╔════════════════════════════════════════════════════════════╗

2025-01-24 14:21:45,369 INFO     ___FILE_ONLY___ ╠═ Downloading: Google Cloud CRC32C Hash Tool               ═╣

2025-01-24 14:21:45,369 INFO     ___FILE_ONLY___ ╚
2025-01-24 14:21:45,369 INFO     ___FILE_ONLY___ ════════════════════════════════════════════════════════════
2025-01-24 14:21:45,369 INFO     ___FILE_ONLY___ ╝

2025-01-24 14:21:45,371 INFO     ___FILE_ONLY___ ╔════════════════════════════════════════════════════════════╗

2025-01-24 14:21:45,371 INFO     ___FILE_ONLY___ ╠═ Downloading: Google Cloud CRC32C Hash Tool (Platform ... ═╣

2025-01-24 14:21:45,371 INFO     ___FILE_ONLY___ ╚
2025-01-24 14:21:45,374 DEBUG    urllib3.connectionpool Starting new HTTPS connection (1): dl.google.com:443
2025-01-24 14:21:45,630 DEBUG    urllib3.connectionpool https://dl.google.com:443 "GET /dl/cloudsdk/channels/rapid/components/google-cloud-sdk-gcloud-crc32c-linux-x86_64-20250110133808.tar.gz HTTP/1.1" 200 1478989
2025-01-24 14:21:45,643 INFO     ___FILE_ONLY___ ═
2025-01-24 14:21:45,643 INFO     ___FILE_ONLY___ ═
2025-01-24 14:21:45,643 INFO     ___FILE_ONLY___ ═
2025-01-24 14:21:45,643 INFO     ___FILE_ONLY___ ═
2025-01-24 14:21:45,644 INFO     ___FILE_ONLY___ ═
2025-01-24 14:21:45,644 INFO     ___FILE_ONLY___ ═
2025-01-24 14:21:45,644 INFO     ___FILE_ONLY___ ═
2025-01-24 14:21:45,644 INFO     ___FILE_ONLY___ ═
2025-01-24 14:21:45,644 INFO     ___FILE_ONLY___ ═
2025-01-24 14:21:45,644 INFO     ___FILE_ONLY___ ═
2025-01-24 14:21:45,644 INFO     ___FILE_ONLY___ ═
2025-01-24 14:21:45,644 INFO     ___FILE_ONLY___ ═
2025-01-24 14:21:45,644 INFO     ___FILE_ONLY___ ═
2025-01-24 14:21:45,644 INFO     ___FILE_ONLY___ ═
2025-01-24 14:21:45,644 INFO     ___FILE_ONLY___ ═
2025-01-24 14:21:45,644 INFO     ___FILE_ONLY___ ═
2025-01-24 14:21:45,644 INFO     ___FILE_ONLY___ ═
2025-01-24 14:21:45,645 INFO     ___FILE_ONLY___ ═
2025-01-24 14:21:45,645 INFO     ___FILE_ONLY___ ═
2025-01-24 14:21:45,645 INFO     ___FILE_ONLY___ ═
2025-01-24 14:21:45,645 INFO     ___FILE_ONLY___ ═
2025-01-24 14:21:45,645 INFO     ___FILE_ONLY___ ═
2025-01-24 14:21:45,645 INFO     ___FILE_ONLY___ ═
2025-01-24 14:21:45,645 INFO     ___FILE_ONLY___ ═
2025-01-24 14:21:45,645 INFO     ___FILE_ONLY___ ═
2025-01-24 14:21:45,645 INFO     ___FILE_ONLY___ ═
2025-01-24 14:21:45,645 INFO     ___FILE_ONLY___ ═
2025-01-24 14:21:45,645 INFO     ___FILE_ONLY___ ═
2025-01-24 14:21:45,645 INFO     ___FILE_ONLY___ ═
2025-01-24 14:21:45,645 INFO     ___FILE_ONLY___ ═
2025-01-24 14:21:45,646 INFO     ___FILE_ONLY___ ═
2025-01-24 14:21:45,646 INFO     ___FILE_ONLY___ ═
2025-01-24 14:21:45,646 INFO     ___FILE_ONLY___ ═
2025-01-24 14:21:45,646 INFO     ___FILE_ONLY___ ═
2025-01-24 14:21:45,646 INFO     ___FILE_ONLY___ ═
2025-01-24 14:21:45,646 INFO     ___FILE_ONLY___ ═
2025-01-24 14:21:45,646 INFO     ___FILE_ONLY___ ═
2025-01-24 14:21:45,646 INFO     ___FILE_ONLY___ ═
2025-01-24 14:21:45,646 INFO     ___FILE_ONLY___ ═
2025-01-24 14:21:45,646 INFO     ___FILE_ONLY___ ═
2025-01-24 14:21:45,646 INFO     ___FILE_ONLY___ ═
2025-01-24 14:21:45,647 INFO     ___FILE_ONLY___ ═
2025-01-24 14:21:45,647 INFO     ___FILE_ONLY___ ═
2025-01-24 14:21:45,647 INFO     ___FILE_ONLY___ ═
2025-01-24 14:21:45,647 INFO     ___FILE_ONLY___ ═
2025-01-24 14:21:45,647 INFO     ___FILE_ONLY___ ═
2025-01-24 14:21:45,647 INFO     ___FILE_ONLY___ ═
2025-01-24 14:21:45,647 INFO     ___FILE_ONLY___ ═
2025-01-24 14:21:45,647 INFO     ___FILE_ONLY___ ═
2025-01-24 14:21:45,647 INFO     ___FILE_ONLY___ ═
2025-01-24 14:21:45,647 INFO     ___FILE_ONLY___ ═
2025-01-24 14:21:45,647 INFO     ___FILE_ONLY___ ═
2025-01-24 14:21:45,647 INFO     ___FILE_ONLY___ ═
2025-01-24 14:21:45,647 INFO     ___FILE_ONLY___ ═
2025-01-24 14:21:45,648 INFO     ___FILE_ONLY___ ═
2025-01-24 14:21:45,648 INFO     ___FILE_ONLY___ ═
2025-01-24 14:21:45,648 INFO     ___FILE_ONLY___ ═
2025-01-24 14:21:45,648 INFO     ___FILE_ONLY___ ═
2025-01-24 14:21:45,648 INFO     ___FILE_ONLY___ ═
2025-01-24 14:21:45,648 INFO     ___FILE_ONLY___ ═
2025-01-24 14:21:45,648 INFO     ___FILE_ONLY___ ╝

2025-01-24 14:21:45,650 INFO     ___FILE_ONLY___ ╔════════════════════════════════════════════════════════════╗

2025-01-24 14:21:45,650 INFO     ___FILE_ONLY___ ╠═ Downloading: gcloud cli dependencies (Platform Specific) ═╣

2025-01-24 14:21:45,650 INFO     ___FILE_ONLY___ ╚
2025-01-24 14:21:45,653 DEBUG    urllib3.connectionpool Starting new HTTPS connection (1): dl.google.com:443
2025-01-24 14:21:46,636 DEBUG    urllib3.connectionpool https://dl.google.com:443 "GET /dl/cloudsdk/channels/rapid/components/google-cloud-sdk-gcloud-deps-linux-x86_64-20210416153011.tar.gz HTTP/1.1" 200 104
2025-01-24 14:21:46,637 INFO     ___FILE_ONLY___ ════════════════════════════════════════════════════════════
2025-01-24 14:21:46,637 INFO     ___FILE_ONLY___ ╝

2025-01-24 14:21:46,639 INFO     ___FILE_ONLY___ ╔════════════════════════════════════════════════════════════╗

2025-01-24 14:21:46,639 INFO     ___FILE_ONLY___ ╠═ Installing: BigQuery Command Line Tool                   ═╣

2025-01-24 14:21:46,639 INFO     ___FILE_ONLY___ ╚
2025-01-24 14:21:46,738 INFO     ___FILE_ONLY___ ═
2025-01-24 14:21:46,740 INFO     ___FILE_ONLY___ ═
2025-01-24 14:21:46,742 INFO     ___FILE_ONLY___ ═
2025-01-24 14:21:46,745 INFO     ___FILE_ONLY___ ═
2025-01-24 14:21:46,747 INFO     ___FILE_ONLY___ ═
2025-01-24 14:21:46,749 INFO     ___FILE_ONLY___ ═
2025-01-24 14:21:46,751 INFO     ___FILE_ONLY___ ═
2025-01-24 14:21:46,753 INFO     ___FILE_ONLY___ ═
2025-01-24 14:21:46,755 INFO     ___FILE_ONLY___ ═
2025-01-24 14:21:46,757 INFO     ___FILE_ONLY___ ═
2025-01-24 14:21:46,759 INFO     ___FILE_ONLY___ ═
2025-01-24 14:21:46,761 INFO     ___FILE_ONLY___ ═
2025-01-24 14:21:46,763 INFO     ___FILE_ONLY___ ═
2025-01-24 14:21:46,765 INFO     ___FILE_ONLY___ ═
2025-01-24 14:21:46,767 INFO     ___FILE_ONLY___ ═
2025-01-24 14:21:46,769 INFO     ___FILE_ONLY___ ═
2025-01-24 14:21:46,771 INFO     ___FILE_ONLY___ ═
2025-01-24 14:21:46,774 INFO     ___FILE_ONLY___ ═
2025-01-24 14:21:46,776 INFO     ___FILE_ONLY___ ═
2025-01-24 14:21:46,778 INFO     ___FILE_ONLY___ ═
2025-01-24 14:21:46,780 INFO     ___FILE_ONLY___ ═
2025-01-24 14:21:46,782 INFO     ___FILE_ONLY___ ═
2025-01-24 14:21:46,784 INFO     ___FILE_ONLY___ ═
2025-01-24 14:21:46,785 INFO     ___FILE_ONLY___ ═
2025-01-24 14:21:46,788 INFO     ___FILE_ONLY___ ═
2025-01-24 14:21:46,789 INFO     ___FILE_ONLY___ ═
2025-01-24 14:21:46,791 INFO     ___FILE_ONLY___ ═
2025-01-24 14:21:46,793 INFO     ___FILE_ONLY___ ═
2025-01-24 14:21:46,797 INFO     ___FILE_ONLY___ ═
2025-01-24 14:21:46,798 INFO     ___FILE_ONLY___ ═
2025-01-24 14:21:46,800 INFO     ___FILE_ONLY___ ═
2025-01-24 14:21:46,802 INFO     ___FILE_ONLY___ ═
2025-01-24 14:21:46,805 INFO     ___FILE_ONLY___ ═
2025-01-24 14:21:46,808 INFO     ___FILE_ONLY___ ═
2025-01-24 14:21:46,817 INFO     ___FILE_ONLY___ ═
2025-01-24 14:21:46,819 INFO     ___FILE_ONLY___ ═
2025-01-24 14:21:46,821 INFO     ___FILE_ONLY___ ═
2025-01-24 14:21:46,825 INFO     ___FILE_ONLY___ ═
2025-01-24 14:21:46,828 INFO     ___FILE_ONLY___ ═
2025-01-24 14:21:46,830 INFO     ___FILE_ONLY___ ═
2025-01-24 14:21:46,832 INFO     ___FILE_ONLY___ ═
2025-01-24 14:21:46,834 INFO     ___FILE_ONLY___ ═
2025-01-24 14:21:46,837 INFO     ___FILE_ONLY___ ═
2025-01-24 14:21:46,840 INFO     ___FILE_ONLY___ ═
2025-01-24 14:21:46,842 INFO     ___FILE_ONLY___ ═
2025-01-24 14:21:46,844 INFO     ___FILE_ONLY___ ═
2025-01-24 14:21:46,846 INFO     ___FILE_ONLY___ ═
2025-01-24 14:21:46,848 INFO     ___FILE_ONLY___ ═
2025-01-24 14:21:46,849 INFO     ___FILE_ONLY___ ═
2025-01-24 14:21:46,852 INFO     ___FILE_ONLY___ ═
2025-01-24 14:21:46,854 INFO     ___FILE_ONLY___ ═
2025-01-24 14:21:46,855 INFO     ___FILE_ONLY___ ═
2025-01-24 14:21:46,857 INFO     ___FILE_ONLY___ ═
2025-01-24 14:21:46,859 INFO     ___FILE_ONLY___ ═
2025-01-24 14:21:46,862 INFO     ___FILE_ONLY___ ═
2025-01-24 14:21:46,863 INFO     ___FILE_ONLY___ ═
2025-01-24 14:21:46,865 INFO     ___FILE_ONLY___ ═
2025-01-24 14:21:46,867 INFO     ___FILE_ONLY___ ═
2025-01-24 14:21:46,868 INFO     ___FILE_ONLY___ ═
2025-01-24 14:21:46,871 INFO     ___FILE_ONLY___ ═
2025-01-24 14:21:46,871 INFO     ___FILE_ONLY___ ╝

2025-01-24 14:21:46,878 INFO     ___FILE_ONLY___ ╔════════════════════════════════════════════════════════════╗

2025-01-24 14:21:46,878 INFO     ___FILE_ONLY___ ╠═ Installing: BigQuery Command Line Tool (Platform Spec... ═╣

2025-01-24 14:21:46,879 INFO     ___FILE_ONLY___ ╚
2025-01-24 14:21:46,879 INFO     ___FILE_ONLY___ ════════════════════════════════════════════════════════════
2025-01-24 14:21:46,879 INFO     ___FILE_ONLY___ ╝

2025-01-24 14:21:46,883 INFO     ___FILE_ONLY___ ╔════════════════════════════════════════════════════════════╗

2025-01-24 14:21:46,883 INFO     ___FILE_ONLY___ ╠═ Installing: Bundled Python 3.11                          ═╣

2025-01-24 14:21:46,883 INFO     ___FILE_ONLY___ ╚
2025-01-24 14:21:46,885 INFO     ___FILE_ONLY___ ════════════════════════════════════════════════════════════
2025-01-24 14:21:46,886 INFO     ___FILE_ONLY___ ╝

2025-01-24 14:21:46,887 INFO     ___FILE_ONLY___ ╔════════════════════════════════════════════════════════════╗

2025-01-24 14:21:46,887 INFO     ___FILE_ONLY___ ╠═ Installing: Bundled Python 3.11 (Platform Specific)      ═╣

2025-01-24 14:21:46,887 INFO     ___FILE_ONLY___ ╚
2025-01-24 14:21:48,787 INFO     ___FILE_ONLY___ ═
2025-01-24 14:21:48,800 INFO     ___FILE_ONLY___ ═
2025-01-24 14:21:48,812 INFO     ___FILE_ONLY___ ═
2025-01-24 14:21:48,823 INFO     ___FILE_ONLY___ ═
2025-01-24 14:21:48,834 INFO     ___FILE_ONLY___ ═
2025-01-24 14:21:48,845 INFO     ___FILE_ONLY___ ═
2025-01-24 14:21:48,856 INFO     ___FILE_ONLY___ ═
2025-01-24 14:21:48,867 INFO     ___FILE_ONLY___ ═
2025-01-24 14:21:48,878 INFO     ___FILE_ONLY___ ═
2025-01-24 14:21:48,889 INFO     ___FILE_ONLY___ ═
2025-01-24 14:21:48,900 INFO     ___FILE_ONLY___ ═
2025-01-24 14:21:48,916 INFO     ___FILE_ONLY___ ═
2025-01-24 14:21:48,929 INFO     ___FILE_ONLY___ ═
2025-01-24 14:21:48,941 INFO     ___FILE_ONLY___ ═
2025-01-24 14:21:48,955 INFO     ___FILE_ONLY___ ═
2025-01-24 14:21:48,969 INFO     ___FILE_ONLY___ ═
2025-01-24 14:21:48,980 INFO     ___FILE_ONLY___ ═
2025-01-24 14:21:48,991 INFO     ___FILE_ONLY___ ═
2025-01-24 14:21:49,002 INFO     ___FILE_ONLY___ ═
2025-01-24 14:21:49,014 INFO     ___FILE_ONLY___ ═
2025-01-24 14:21:49,025 INFO     ___FILE_ONLY___ ═
2025-01-24 14:21:49,036 INFO     ___FILE_ONLY___ ═
2025-01-24 14:21:49,047 INFO     ___FILE_ONLY___ ═
2025-01-24 14:21:49,058 INFO     ___FILE_ONLY___ ═
2025-01-24 14:21:49,070 INFO     ___FILE_ONLY___ ═
2025-01-24 14:21:49,081 INFO     ___FILE_ONLY___ ═
2025-01-24 14:21:49,092 INFO     ___FILE_ONLY___ ═
2025-01-24 14:21:49,103 INFO     ___FILE_ONLY___ ═
2025-01-24 14:21:49,115 INFO     ___FILE_ONLY___ ═
2025-01-24 14:21:49,128 INFO     ___FILE_ONLY___ ═
2025-01-24 14:21:49,142 INFO     ___FILE_ONLY___ ═
2025-01-24 14:21:49,155 INFO     ___FILE_ONLY___ ═
2025-01-24 14:21:49,168 INFO     ___FILE_ONLY___ ═
2025-01-24 14:21:49,181 INFO     ___FILE_ONLY___ ═
2025-01-24 14:21:49,193 INFO     ___FILE_ONLY___ ═
2025-01-24 14:21:49,204 INFO     ___FILE_ONLY___ ═
2025-01-24 14:21:49,949 INFO     ___FILE_ONLY___ ═
2025-01-24 14:21:49,975 INFO     ___FILE_ONLY___ ═
2025-01-24 14:21:50,000 INFO     ___FILE_ONLY___ ═
2025-01-24 14:21:50,021 INFO     ___FILE_ONLY___ ═
2025-01-24 14:21:50,043 INFO     ___FILE_ONLY___ ═
2025-01-24 14:21:50,180 INFO     ___FILE_ONLY___ ═
2025-01-24 14:21:50,207 INFO     ___FILE_ONLY___ ═
2025-01-24 14:21:50,224 INFO     ___FILE_ONLY___ ═
2025-01-24 14:21:50,239 INFO     ___FILE_ONLY___ ═
2025-01-24 14:21:50,255 INFO     ___FILE_ONLY___ ═
2025-01-24 14:21:50,283 INFO     ___FILE_ONLY___ ═
2025-01-24 14:21:50,302 INFO     ___FILE_ONLY___ ═
2025-01-24 14:21:50,318 INFO     ___FILE_ONLY___ ═
2025-01-24 14:21:50,332 INFO     ___FILE_ONLY___ ═
2025-01-24 14:21:50,420 INFO     ___FILE_ONLY___ ═
2025-01-24 14:21:50,438 INFO     ___FILE_ONLY___ ═
2025-01-24 14:21:50,456 INFO     ___FILE_ONLY___ ═
2025-01-24 14:21:50,473 INFO     ___FILE_ONLY___ ═
2025-01-24 14:21:50,514 INFO     ___FILE_ONLY___ ═
2025-01-24 14:21:50,872 INFO     ___FILE_ONLY___ ═
2025-01-24 14:21:50,888 INFO     ___FILE_ONLY___ ═
2025-01-24 14:21:50,908 INFO     ___FILE_ONLY___ ═
2025-01-24 14:21:50,924 INFO     ___FILE_ONLY___ ═
2025-01-24 14:21:51,285 INFO     ___FILE_ONLY___ ═
2025-01-24 14:21:51,285 INFO     ___FILE_ONLY___ ╝

2025-01-24 14:21:51,331 INFO     ___FILE_ONLY___ ╔════════════════════════════════════════════════════════════╗

2025-01-24 14:21:51,331 INFO     ___FILE_ONLY___ ╠═ Installing: Cloud Storage Command Line Tool              ═╣

2025-01-24 14:21:51,331 INFO     ___FILE_ONLY___ ╚
2025-01-24 14:21:51,872 INFO     ___FILE_ONLY___ ═
2025-01-24 14:21:51,890 INFO     ___FILE_ONLY___ ═
2025-01-24 14:21:51,911 INFO     ___FILE_ONLY___ ═
2025-01-24 14:21:51,929 INFO     ___FILE_ONLY___ ═
2025-01-24 14:21:51,945 INFO     ___FILE_ONLY___ ═
2025-01-24 14:21:51,958 INFO     ___FILE_ONLY___ ═
2025-01-24 14:21:51,973 INFO     ___FILE_ONLY___ ═
2025-01-24 14:21:51,986 INFO     ___FILE_ONLY___ ═
2025-01-24 14:21:52,001 INFO     ___FILE_ONLY___ ═
2025-01-24 14:21:52,015 INFO     ___FILE_ONLY___ ═
2025-01-24 14:21:52,029 INFO     ___FILE_ONLY___ ═
2025-01-24 14:21:52,041 INFO     ___FILE_ONLY___ ═
2025-01-24 14:21:52,051 INFO     ___FILE_ONLY___ ═
2025-01-24 14:21:52,061 INFO     ___FILE_ONLY___ ═
2025-01-24 14:21:52,072 INFO     ___FILE_ONLY___ ═
2025-01-24 14:21:52,083 INFO     ___FILE_ONLY___ ═
2025-01-24 14:21:52,095 INFO     ___FILE_ONLY___ ═
2025-01-24 14:21:52,106 INFO     ___FILE_ONLY___ ═
2025-01-24 14:21:52,117 INFO     ___FILE_ONLY___ ═
2025-01-24 14:21:52,129 INFO     ___FILE_ONLY___ ═
2025-01-24 14:21:52,142 INFO     ___FILE_ONLY___ ═
2025-01-24 14:21:52,157 INFO     ___FILE_ONLY___ ═
2025-01-24 14:21:52,173 INFO     ___FILE_ONLY___ ═
2025-01-24 14:21:52,184 INFO     ___FILE_ONLY___ ═
2025-01-24 14:21:52,197 INFO     ___FILE_ONLY___ ═
2025-01-24 14:21:52,213 INFO     ___FILE_ONLY___ ═
2025-01-24 14:21:52,231 INFO     ___FILE_ONLY___ ═
2025-01-24 14:21:52,250 INFO     ___FILE_ONLY___ ═
2025-01-24 14:21:52,267 INFO     ___FILE_ONLY___ ═
2025-01-24 14:21:52,288 INFO     ___FILE_ONLY___ ═
2025-01-24 14:21:52,300 INFO     ___FILE_ONLY___ ═
2025-01-24 14:21:52,312 INFO     ___FILE_ONLY___ ═
2025-01-24 14:21:52,330 INFO     ___FILE_ONLY___ ═
2025-01-24 14:21:52,343 INFO     ___FILE_ONLY___ ═
2025-01-24 14:21:52,355 INFO     ___FILE_ONLY___ ═
2025-01-24 14:21:52,365 INFO     ___FILE_ONLY___ ═
2025-01-24 14:21:52,376 INFO     ___FILE_ONLY___ ═
2025-01-24 14:21:52,388 INFO     ___FILE_ONLY___ ═
2025-01-24 14:21:52,399 INFO     ___FILE_ONLY___ ═
2025-01-24 14:21:52,411 INFO     ___FILE_ONLY___ ═
2025-01-24 14:21:52,422 INFO     ___FILE_ONLY___ ═
2025-01-24 14:21:52,435 INFO     ___FILE_ONLY___ ═
2025-01-24 14:21:52,446 INFO     ___FILE_ONLY___ ═
2025-01-24 14:21:52,458 INFO     ___FILE_ONLY___ ═
2025-01-24 14:21:52,473 INFO     ___FILE_ONLY___ ═
2025-01-24 14:21:52,484 INFO     ___FILE_ONLY___ ═
2025-01-24 14:21:52,491 INFO     ___FILE_ONLY___ ═
2025-01-24 14:21:52,501 INFO     ___FILE_ONLY___ ═
2025-01-24 14:21:52,512 INFO     ___FILE_ONLY___ ═
2025-01-24 14:21:52,523 INFO     ___FILE_ONLY___ ═
2025-01-24 14:21:52,539 INFO     ___FILE_ONLY___ ═
2025-01-24 14:21:52,550 INFO     ___FILE_ONLY___ ═
2025-01-24 14:21:52,565 INFO     ___FILE_ONLY___ ═
2025-01-24 14:21:52,577 INFO     ___FILE_ONLY___ ═
2025-01-24 14:21:52,613 INFO     ___FILE_ONLY___ ═
2025-01-24 14:21:52,624 INFO     ___FILE_ONLY___ ═
2025-01-24 14:21:52,635 INFO     ___FILE_ONLY___ ═
2025-01-24 14:21:52,646 INFO     ___FILE_ONLY___ ═
2025-01-24 14:21:52,658 INFO     ___FILE_ONLY___ ═
2025-01-24 14:21:52,672 INFO     ___FILE_ONLY___ ═
2025-01-24 14:21:52,672 INFO     ___FILE_ONLY___ ╝

2025-01-24 14:21:52,701 INFO     ___FILE_ONLY___ ╔════════════════════════════════════════════════════════════╗

2025-01-24 14:21:52,701 INFO     ___FILE_ONLY___ ╠═ Installing: Cloud Storage Command Line Tool (Platform... ═╣

2025-01-24 14:21:52,701 INFO     ___FILE_ONLY___ ╚
2025-01-24 14:21:52,702 INFO     ___FILE_ONLY___ ════════════════════════════════════════════════════════════
2025-01-24 14:21:52,702 INFO     ___FILE_ONLY___ ╝

2025-01-24 14:21:52,705 INFO     ___FILE_ONLY___ ╔════════════════════════════════════════════════════════════╗

2025-01-24 14:21:52,705 INFO     ___FILE_ONLY___ ╠═ Installing: Default set of gcloud commands               ═╣

2025-01-24 14:21:52,705 INFO     ___FILE_ONLY___ ╚
2025-01-24 14:21:52,708 INFO     ___FILE_ONLY___ ════════════════════════════════════════════════════════════
2025-01-24 14:21:52,708 INFO     ___FILE_ONLY___ ╝

2025-01-24 14:21:52,709 INFO     ___FILE_ONLY___ ╔════════════════════════════════════════════════════════════╗

2025-01-24 14:21:52,709 INFO     ___FILE_ONLY___ ╠═ Installing: Google Cloud CLI Core Libraries (Platform... ═╣

2025-01-24 14:21:52,709 INFO     ___FILE_ONLY___ ╚
2025-01-24 14:21:52,710 INFO     ___FILE_ONLY___ ══════════════════════════════
2025-01-24 14:21:52,710 INFO     ___FILE_ONLY___ ══════════════════════════════
2025-01-24 14:21:52,710 INFO     ___FILE_ONLY___ ╝

2025-01-24 14:21:52,714 INFO     ___FILE_ONLY___ ╔════════════════════════════════════════════════════════════╗

2025-01-24 14:21:52,714 INFO     ___FILE_ONLY___ ╠═ Installing: Google Cloud CRC32C Hash Tool                ═╣

2025-01-24 14:21:52,714 INFO     ___FILE_ONLY___ ╚
2025-01-24 14:21:52,716 INFO     ___FILE_ONLY___ ════════════════════════════════════════════════════════════
2025-01-24 14:21:52,716 INFO     ___FILE_ONLY___ ╝

2025-01-24 14:21:52,718 INFO     ___FILE_ONLY___ ╔════════════════════════════════════════════════════════════╗

2025-01-24 14:21:52,718 INFO     ___FILE_ONLY___ ╠═ Installing: Google Cloud CRC32C Hash Tool (Platform S... ═╣

2025-01-24 14:21:52,718 INFO     ___FILE_ONLY___ ╚
2025-01-24 14:21:52,755 INFO     ___FILE_ONLY___ ══════════════════════════════
2025-01-24 14:21:52,755 INFO     ___FILE_ONLY___ ══════════════════════════════
2025-01-24 14:21:52,755 INFO     ___FILE_ONLY___ ╝

2025-01-24 14:21:52,759 INFO     ___FILE_ONLY___ ╔════════════════════════════════════════════════════════════╗

2025-01-24 14:21:52,759 INFO     ___FILE_ONLY___ ╠═ Installing: gcloud cli dependencies (Platform Specific)  ═╣

2025-01-24 14:21:52,759 INFO     ___FILE_ONLY___ ╚
2025-01-24 14:21:52,760 INFO     ___FILE_ONLY___ ════════════════════════════════════════════════════════════
2025-01-24 14:21:52,760 INFO     ___FILE_ONLY___ ╝

2025-01-24 14:21:52,764 DEBUG    root            Updating notification cache...
2025-01-24 14:21:52,764 INFO     ___FILE_ONLY___ 

2025-01-24 14:21:52,766 INFO     ___FILE_ONLY___ Performing post processing steps...
2025-01-24 14:21:52,766 DEBUG    root            Executing command: ['/tools/google-cloud-sdk/bin/gcloud', 'components', 'post-process']
2025-01-24 14:21:59,900 DEBUG    ___FILE_ONLY___ 
2025-01-24 14:21:59,900 DEBUG    ___FILE_ONLY___ 
2025-01-24 14:22:00,043 INFO     ___FILE_ONLY___ 
Update done!


2025-01-24 14:22:00,046 DEBUG    root            Chosen display Format:none
2025-01-24 14:22:00,046 INFO     root            Display format: "none"
